<?xml version="1.0" encoding="UTF-8"?>
<!-- Generated by org.testng.reporters.JUnitReportReporter -->
<testsuite hostname="IQZNGLLT015" failures="0" tests="12" name="Package_scroll.Scrollpage" time="60.341" errors="0" timestamp="2021-11-26T16:54:42 IST" skipped="0">
  <testcase classname="Package_scroll.Scrollpage" name="Scrolldown_bottom" time="5.041"/>
  <system-out/>
  <testcase classname="Package_scroll.Scrollpage" name="twitter" time="6.132"/>
  <system-out/>
  <testcase classname="Package_scroll.Scrollpage" name="facebook" time="3.383"/>
  <system-out/>
  <testcase classname="Package_scroll.Scrollpage" name="Scrolldown_bottom" time="5.044"/>
  <system-out/>
  <testcase classname="Package_scroll.Scrollpage" name="paperplane" time="3.113"/>
  <system-out/>
  <testcase classname="Package_scroll.Scrollpage" name="twitter" time="6.120"/>
  <system-out/>
  <testcase classname="Package_scroll.Scrollpage" name="github" time="3.594"/>
  <system-out/>
  <testcase classname="Package_scroll.Scrollpage" name="paperplane" time="3.503"/>
  <system-out/>
  <testcase classname="Package_scroll.Scrollpage" name="facebook" time="3.154"/>
  <system-out/>
  <testcase classname="Package_scroll.Scrollpage" name="test1" time="10.225"/>
  <system-out/>
  <testcase classname="Package_scroll.Scrollpage" name="test1" time="7.866"/>
  <system-out/>
  <testcase classname="Package_scroll.Scrollpage" name="github" time="3.166"/>
  <system-out/>
</testsuite> <!-- Package_scroll.Scrollpage -->
