<?xml version="1.0" encoding="UTF-8"?>
<!-- Generated by org.testng.reporters.JUnitReportReporter -->
<testsuite hostname="IQZNGLLT015" failures="0" tests="3" name="rahulshetty_assignment_1.Selenium_assignment1" time="2.436" errors="0" timestamp="2021-12-22T12:13:36 IST" skipped="0">
  <testcase classname="rahulshetty_assignment_1.Selenium_assignment1" name="Product_Price" time="1.182"/>
  <system-out/>
  <testcase classname="rahulshetty_assignment_1.Selenium_assignment1" name="Add_Products" time="0.923"/>
  <system-out/>
  <testcase classname="rahulshetty_assignment_1.Selenium_assignment1" name="Product_Name" time="0.331"/>
  <system-out/>
</testsuite> <!-- rahulshetty_assignment_1.Selenium_assignment1 -->
