<?xml version="1.0" encoding="UTF-8"?>
<!-- Generated by org.testng.reporters.JUnitReportReporter -->
<testsuite hostname="IQZNGLLT015" failures="0" tests="2" name="rahulshetty_assignment_2.Selenium_assignment2" time="8.639" errors="0" timestamp="2021-12-22T15:22:39 IST" skipped="0">
  <testcase classname="rahulshetty_assignment_2.Selenium_assignment2" name="Add_to_cart" time="8.325"/>
  <system-out/>
  <testcase classname="rahulshetty_assignment_2.Selenium_assignment2" name="Validatebuttonname" time="0.314"/>
  <system-out/>
</testsuite> <!-- rahulshetty_assignment_2.Selenium_assignment2 -->
