<?xml version="1.0" encoding="UTF-8"?>
<!-- Generated by org.testng.reporters.JUnitReportReporter -->
<testsuite hostname="IQZNGLLT015" failures="0" tests="7" name="Miniproj_1.Selenium_miniproject" time="44.458" errors="0" timestamp="2022-01-31T09:57:28 IST" skipped="0">
  <testcase classname="Miniproj_1.Selenium_miniproject" name="clickplusicon" time="3.220"/>
  <system-out/>
  <testcase classname="Miniproj_1.Selenium_miniproject" name="clicklogin" time="14.346"/>
  <system-out/>
  <testcase classname="Miniproj_1.Selenium_miniproject" name="enterpswd" time="0.176"/>
  <system-out/>
  <testcase classname="Miniproj_1.Selenium_miniproject" name="launchapp" time="2.241"/>
  <system-out/>
  <testcase classname="Miniproj_1.Selenium_miniproject" name="editlead" time="7.533"/>
  <system-out/>
  <testcase classname="Miniproj_1.Selenium_miniproject" name="enteruser" time="0.145"/>
  <system-out/>
  <testcase classname="Miniproj_1.Selenium_miniproject" name="convertlead" time="16.797"/>
  <system-out/>
</testsuite> <!-- Miniproj_1.Selenium_miniproject -->
