<?xml version="1.0" encoding="UTF-8"?>
<!-- Generated by org.testng.reporters.JUnitReportReporter -->
<testsuite hostname="IQZNGLLT015" failures="0" tests="4" name="Packagedemo.crossbrowser" time="57.570" errors="0" timestamp="2021-11-18T18:08:00 IST" skipped="0">
  <testcase classname="Packagedemo.crossbrowser" name="test1" time="12.526"/>
  <system-out/>
  <testcase classname="Packagedemo.crossbrowser" name="test2" time="12.652"/>
  <system-out/>
  <testcase classname="Packagedemo.crossbrowser" name="test2" time="18.820"/>
  <system-out/>
  <testcase classname="Packagedemo.crossbrowser" name="test1" time="13.572"/>
  <system-out/>
</testsuite> <!-- Packagedemo.crossbrowser -->
