<?xml version="1.0" encoding="UTF-8"?>
<!-- Generated by org.testng.reporters.JUnitReportReporter -->
<testsuite hostname="IQZNGLLT015" failures="0" tests="14" name="Miniproj_multibrow.Miniproj_edge_FF" time="87.245" errors="0" timestamp="2022-01-31T10:54:27 IST" skipped="0">
  <testcase classname="Miniproj_multibrow.Miniproj_edge_FF" name="clicklogin" time="12.145"/>
  <system-out/>
  <testcase classname="Miniproj_multibrow.Miniproj_edge_FF" name="enteruser" time="0.084"/>
  <system-out/>
  <testcase classname="Miniproj_multibrow.Miniproj_edge_FF" name="clickplusicon" time="4.558"/>
  <system-out/>
  <testcase classname="Miniproj_multibrow.Miniproj_edge_FF" name="convertlead" time="13.742"/>
  <system-out/>
  <testcase classname="Miniproj_multibrow.Miniproj_edge_FF" name="launchapp" time="2.051"/>
  <system-out/>
  <testcase classname="Miniproj_multibrow.Miniproj_edge_FF" name="editlead" time="11.347"/>
  <system-out/>
  <testcase classname="Miniproj_multibrow.Miniproj_edge_FF" name="clicklogin" time="12.443"/>
  <system-out/>
  <testcase classname="Miniproj_multibrow.Miniproj_edge_FF" name="clickplusicon" time="1.873"/>
  <system-out/>
  <testcase classname="Miniproj_multibrow.Miniproj_edge_FF" name="enteruser" time="0.075"/>
  <system-out/>
  <testcase classname="Miniproj_multibrow.Miniproj_edge_FF" name="launchapp" time="1.811"/>
  <system-out/>
  <testcase classname="Miniproj_multibrow.Miniproj_edge_FF" name="enterpswd" time="0.093"/>
  <system-out/>
  <testcase classname="Miniproj_multibrow.Miniproj_edge_FF" name="editlead" time="12.336"/>
  <system-out/>
  <testcase classname="Miniproj_multibrow.Miniproj_edge_FF" name="enterpswd" time="0.067"/>
  <system-out/>
  <testcase classname="Miniproj_multibrow.Miniproj_edge_FF" name="convertlead" time="14.620"/>
  <system-out/>
</testsuite> <!-- Miniproj_multibrow.Miniproj_edge_FF -->
